<?xml version="1.0" encoding="UTF-8"?>
<!-- Generated by org.testng.reporters.JUnitReportReporter -->
<testsuite hostname="ad" failures="0" tests="1" name="Practice.MercurryTest" time="11.662" errors="0" timestamp="2021-08-04T16:06:14 IST" skipped="0">
  <testcase classname="Practice.MercurryTest" name="f" time="11.662"/>
  <system-out/>
</testsuite> <!-- Practice.MercurryTest -->
